\BOOKMARK [0][-]{chapter.1}{\376\377\000I\000n\000t\000r\000o\000d\000u\000c\000c\000i\000\363\000n}{}% 1
\BOOKMARK [1][-]{section.1.1}{\376\377\000M\000o\000t\000i\000v\000a\000c\000i\000\363\000n}{chapter.1}% 2
\BOOKMARK [1][-]{section.1.2}{Objetivos}{chapter.1}% 3
\BOOKMARK [1][-]{section.1.3}{\376\377\000O\000r\000g\000a\000n\000i\000z\000a\000c\000i\000\363\000n}{chapter.1}% 4
\BOOKMARK [0][-]{chapter.2}{Estado\040de\040los\040recursos}{}% 5
\BOOKMARK [1][-]{section.2.1}{Infraestructura}{chapter.2}% 6
\BOOKMARK [2][-]{subsection.2.1.1}{\376\377\000C\000\363\000m\000p\000u\000t\000o}{section.2.1}% 7
\BOOKMARK [2][-]{subsection.2.1.2}{Almacenamiento}{section.2.1}% 8
\BOOKMARK [2][-]{subsection.2.1.3}{Red}{section.2.1}% 9
\BOOKMARK [1][-]{section.2.2}{Software}{chapter.2}% 10
\BOOKMARK [1][-]{section.2.3}{\376\377\000E\000s\000t\000a\000d\000o\000\040\000d\000e\000\040\000l\000a\000\040\000t\000e\000c\000n\000o\000l\000o\000g\000\355\000a}{chapter.2}% 11
\BOOKMARK [2][-]{subsection.2.3.1}{VMware\040Cloud\040Foundation}{section.2.3}% 12
\BOOKMARK [2][-]{subsection.2.3.2}{Componentes\040de\040VMware\040Cloud\040Foundation}{section.2.3}% 13
\BOOKMARK [0][-]{chapter.3}{\376\377\000P\000l\000a\000n\000i\000f\000i\000c\000a\000c\000i\000\363\000n}{}% 14
\BOOKMARK [1][-]{section.3.1}{Tareas}{chapter.3}% 15
\BOOKMARK [1][-]{section.3.2}{Costes}{chapter.3}% 16
\BOOKMARK [0][-]{chapter.4}{\376\377\000M\000e\000t\000o\000d\000o\000l\000o\000g\000\355\000a}{}% 17
\BOOKMARK [1][-]{section.4.1}{Conceptos}{chapter.4}% 18
\BOOKMARK [2][-]{subsection.4.1.1}{Workload\040Domain}{section.4.1}% 19
\BOOKMARK [2][-]{subsection.4.1.2}{Arquitectura}{section.4.1}% 20
\BOOKMARK [2][-]{subsection.4.1.3}{\376\377\000C\000l\000u\000s\000t\000e\000r\000s\000,\000\040\000z\000o\000n\000a\000s\000\040\000y\000\040\000d\000i\000s\000t\000r\000i\000b\000u\000c\000i\000\363\000n\000\040\000d\000e\000\040\000u\000n\000\040\000S\000D\000D\000C}{section.4.1}% 21
\BOOKMARK [1][-]{section.4.2}{Requisitos}{chapter.4}% 22
\BOOKMARK [2][-]{subsection.4.2.1}{\376\377\000C\000\363\000m\000p\000u\000t\000o}{section.4.2}% 23
\BOOKMARK [2][-]{subsection.4.2.2}{Almacenamiento}{section.4.2}% 24
\BOOKMARK [2][-]{subsection.4.2.3}{Red}{section.4.2}% 25
\BOOKMARK [1][-]{section.4.3}{Prueba\040de\040concepto}{chapter.4}% 26
\BOOKMARK [2][-]{subsection.4.3.1}{\376\377\000P\000r\000e\000p\000a\000r\000a\000c\000i\000\363\000n}{section.4.3}% 27
\BOOKMARK [2][-]{subsection.4.3.2}{\376\377\000D\000i\000s\000e\000\361\000o\000\040\000y\000\040\000c\000o\000n\000f\000i\000g\000u\000r\000a\000c\000i\000\363\000n\000\040\000d\000e\000l\000\040\000M\000a\000n\000a\000g\000e\000m\000e\000n\000t\000\040\000D\000o\000m\000a\000i\000n}{section.4.3}% 28
\BOOKMARK [2][-]{subsection.4.3.3}{Operaciones\040de\040la\040Arquitectura}{section.4.3}% 29
\BOOKMARK [0][-]{appendix*.30}{Glosario}{}% 30
\BOOKMARK [0][-]{appendix*.31}{\376\377\000B\000i\000b\000l\000i\000o\000g\000r\000a\000f\000\355\000a}{}% 31
